2026-01-28T18:31:29.733Z [INFO] [api] ✅ API Communication Service initialized with URL: https://api.refurbminer.de
2026-01-28T18:31:29.739Z [INFO] [app] 🧾 Startup baseline: node=v22.18.0, platform=win32, arch=x64, os=10.0.26200
2026-01-28T18:31:29.757Z [INFO] [config] ConfigService: Valid minerId found, but skipping initial sync to prevent race conditions. Sync will be triggered after bootstrap.
2026-01-28T18:31:29.759Z [INFO] [miner-manager] 🚀 MinerManager initializing...
2026-01-28T18:31:29.759Z [ERROR] [config] ❌ RIG_TOKEN not found in environment
2026-01-28T18:31:29.759Z [WARN] [config] ⚠️ Cannot sync config: RIG_TOKEN not found
2026-01-28T18:31:29.760Z [INFO] [miner-manager] 🔧 Monitoring configured: Unified monitoring every 1 minute, health check every 30 seconds, cleanup every hour
2026-01-28T18:31:29.761Z [INFO] [miner-manager] 📊 SCHEDULE STATUS - Day: wednesday, Time: 19:31, Enabled: false, Periods: 0, Restarts: 0
2026-01-28T18:31:29.761Z [INFO] [miner-manager] ℹ️ Schedule disabled, ensuring miner is running
2026-01-28T18:31:29.762Z [INFO] [bootstrap] Initializing Bootstrap Service...
2026-01-28T18:31:29.772Z [INFO] [bootstrap] Installing dependencies before registration...
2026-01-28T18:31:29.781Z [ERROR] [miner-software] Error checking CPU compatibility: Command failed: lscpu 2>/dev/null || cat /proc/cpuinfo
Das System kann den angegebenen Pfad nicht finden.
Der Befehl "cat" ist entweder falsch geschrieben oder
konnte nicht gefunden werden.

2026-01-28T18:31:29.782Z [INFO] [miner-manager] 📋 System compatibility - OS: unknown, Arch: x64, Termux: false, AES: false
2026-01-28T18:31:29.782Z [ERROR] [miner-manager] ❌ Windows 32-bit is not supported by ccminer/XMRig. Please use 64-bit Windows.
2026-01-28T18:31:29.782Z [ERROR] [miner-manager] ❌ Cannot start miner: Failed to install ccminer
2026-01-28T18:31:29.782Z [ERROR] [miner-manager] ❌ Failed to start miner when scheduling is disabled
2026-01-28T18:31:29.816Z [WARN] [bootstrap] No supported package manager found for OS: unknown
2026-01-28T18:31:29.830Z [ERROR] [bootstrap] Failed to set executable permissions for ccminer: Command failed: chmod +x apps/ccminer/ccminer
Der Befehl "chmod" ist entweder falsch geschrieben oder
konnte nicht gefunden werden.

2026-01-28T18:31:29.830Z [WARN] [bootstrap] Warning: xmrig not found. Skipping permission fix.
2026-01-28T18:31:29.842Z [ERROR] [bootstrap] Failed to set executable permissions for vcgencmd: Command failed: chmod +x apps/vcgencmd/vcgencmd
Der Befehl "chmod" ist entweder falsch geschrieben oder
konnte nicht gefunden werden.

2026-01-28T18:31:29.842Z [INFO] [bootstrap] Found existing miner ID: 67f38cb8e353aa486bc33a20. Skipping registration.
2026-01-28T18:31:29.843Z [INFO] [bootstrap] Registration complete. Triggering optimized startup sequence...
2026-01-28T18:31:29.843Z [ERROR] [config] ❌ RIG_TOKEN not found in environment
2026-01-28T18:31:29.843Z [WARN] [config] ⚠️ Cannot sync config: RIG_TOKEN not found
2026-01-28T18:31:29.843Z [INFO] [bootstrap] ✅ Config sync triggered successfully after registration
2026-01-28T18:31:29.843Z [INFO] [bootstrap] Triggering initial flightsheet fetch after successful registration...
2026-01-28T18:31:29.843Z [INFO] [miner-manager] 📡 Triggering initial flightsheet fetch after registration...
2026-01-28T18:31:29.843Z [INFO] [flightsheet] 📡 Fetching flightsheet from API...
2026-01-28T18:31:29.946Z [INFO] [miner-manager] ✅ Miner error logged to API
2026-01-28T18:31:29.947Z [WARN] [api] ⚠️ Flightsheet fetch failed (attempt 1/3). Retrying in 1000ms...
2026-01-28T18:31:30.987Z [WARN] [api] ⚠️ Flightsheet fetch failed (attempt 2/3). Retrying in 1000ms...
2026-01-28T18:31:32.035Z [WARN] [api] 🚫 Circuit opened for Flightsheet fetch after 3 failures (cooldown 30000ms)
2026-01-28T18:31:32.035Z [ERROR] [api] ❌ Failed to fetch flightsheet: Request failed with status code 400
2026-01-28T18:31:32.035Z [ERROR] [flightsheet] ❌ Failed to update flightsheet: Failed to fetch flightsheet
2026-01-28T18:31:32.035Z [WARN] [miner-manager] ⚠️ Flightsheet fetch did not result in updates
2026-01-28T18:31:32.036Z [INFO] [miner-manager] No miner running after bootstrap, starting miner...
2026-01-28T18:31:32.042Z [WARN] [miner-manager] ⚠️ Miner ccminer not found. Attempting automatic installation...
2026-01-28T18:31:32.042Z [INFO] [miner-manager]   Initial check - Config: apps/ccminer/config.json exists: true
2026-01-28T18:31:32.043Z [INFO] [miner-manager]   Initial check - Executable: apps/ccminer/ccminer.exe exists: false
2026-01-28T18:31:32.044Z [INFO] [miner-manager] 🔧 Starting automatic installation for ccminer...
2026-01-28T18:31:32.048Z [WARN] [hardware] lshw not available or failed, using basic detection: Command failed: command -v lshw > /dev/null 2>&1
Das System kann den angegebenen Pfad nicht finden.

2026-01-28T18:31:32.055Z [ERROR] [miner-software] Error checking CPU compatibility: Command failed: lscpu 2>/dev/null || cat /proc/cpuinfo
Das System kann den angegebenen Pfad nicht finden.
Der Befehl "cat" ist entweder falsch geschrieben oder
konnte nicht gefunden werden.

2026-01-28T18:31:32.056Z [INFO] [miner-manager] 📋 System compatibility - OS: unknown, Arch: x64, Termux: false, AES: false
2026-01-28T18:31:32.056Z [ERROR] [miner-manager] ❌ Windows 32-bit is not supported by ccminer/XMRig. Please use 64-bit Windows.
2026-01-28T18:31:32.056Z [ERROR] [miner-manager] ❌ Cannot start miner: Failed to install ccminer
2026-01-28T18:31:32.094Z [INFO] [miner-manager] ✅ Miner error logged to API
2026-01-28T18:31:33.748Z [WARN] [os-detection] Failed to detect hardware brand: Command failed: lsb_release -si
Der Befehl "lsb_release" ist entweder falsch geschrieben oder
konnte nicht gefunden werden.

2026-01-28T18:31:33.749Z [INFO] [os-detection] Using basic hardware detection: Unknown X64
2026-01-28T18:31:33.760Z [ERROR] [os-detection] Error detecting system bitness: Command failed: uname -m
Der Befehl "uname" ist entweder falsch geschrieben oder
konnte nicht gefunden werden.

2026-01-28T18:31:33.782Z [INFO] [os-detection] CPU Info - Architecture: 32-bit, AES: false, PMULL: false, Cores: 0
2026-01-28T18:31:33.782Z [INFO] [os-detection] System Info: {
  "osType": "unknown",
  "hwBrand": "Unknown",
  "hwModel": "X64",
  "os": "Windows 11 Pro",
  "cpuInfo": {
    "architecture": "32-bit",
    "model": "Unknown",
    "cores": 0,
    "aesSupport": false,
    "pmullSupport": false
  }
}
2026-01-28T18:31:33.782Z [WARN] [bootstrap] Warning: CPU or OS is not 64-bit, mining may be less efficient
2026-01-28T18:31:33.782Z [WARN] [bootstrap] CPU lacks essential cryptographic instructions (AES), mining may not work properly
2026-01-28T18:31:33.782Z [INFO] [bootstrap] CPU compatibility check completed - mining should work
2026-01-28T18:31:33.782Z [INFO] [bootstrap] 🎉 Optimized bootstrap process completed successfully!
2026-01-28T18:31:33.782Z [INFO] [network-monitoring] 🌐 Initializing network monitoring service...
